#
# There is insufficient memory for the Java Runtime Environment to continue.
# Native memory allocation (mmap) failed to map 268435456 bytes. Error detail: G1 virtual space
# Possible reasons:
#   The system is out of physical RAM or swap space
#   This process is running with CompressedOops enabled, and the Java Heap may be blocking the growth of the native heap
# Possible solutions:
#   Reduce memory load on the system
#   Increase physical memory or swap space
#   Check if swap backing store is full
#   Decrease Java heap size (-Xmx/-Xms)
#   Decrease number of Java threads
#   Decrease Java thread stack sizes (-Xss)
#   Set larger code cache with -XX:ReservedCodeCacheSize=
#   JVM is running with Zero Based Compressed Oops mode in which the Java heap is
#     placed in the first 32GB address space. The Java Heap base address is the
#     maximum limit for the native heap growth. Please use -XX:HeapBaseMinAddress
#     to set the Java Heap base and to place the Java Heap above 32GB virtual address.
# This output file may be truncated or incomplete.
#
#  Out of Memory Error (os_windows.cpp:3825), pid=23436, tid=11316
#
# JRE version:  (17.0.11+1) (build )
# Java VM: OpenJDK 64-Bit Server VM (17.0.11+1-b1207.24, mixed mode, sharing, tiered, compressed oops, compressed class ptrs, g1 gc, windows-amd64)
# No core dump will be written. Minidumps are not enabled by default on client versions of Windows
#

---------------  S U M M A R Y ------------

Command Line: git4idea.http.GitAskPassApp Username for 'https://github.com': 

Host: Intel(R) Core(TM) i5-6300U CPU @ 2.40GHz, 4 cores, 15G,  Windows 10 , 64 bit Build 19041 (10.0.19041.4717)
Time: Sat Sep  7 15:18:58 2024 US Eastern Daylight Time elapsed time: 0.099839 seconds (0d 0h 0m 0s)

---------------  T H R E A D  ---------------

Current thread (0x0000029780aadfe0):  JavaThread "Unknown thread" [_thread_in_vm, id=11316, stack(0x000000e52f800000,0x000000e52f900000)]

Stack: [0x000000e52f800000,0x000000e52f900000]
Native frames: (J=compiled Java code, j=interpreted, Vv=VM code, C=native code)
V  [jvm.dll+0x6877f9]
V  [jvm.dll+0x8411aa]
V  [jvm.dll+0x842e2e]
V  [jvm.dll+0x843493]
V  [jvm.dll+0x249fdf]
V  [jvm.dll+0x6845c9]
V  [jvm.dll+0x678e7a]
V  [jvm.dll+0x30ab4b]
V  [jvm.dll+0x311ff6]
V  [jvm.dll+0x361a5e]
V  [jvm.dll+0x361c8f]
V  [jvm.dll+0x2e0978]
V  [jvm.dll+0x2e18e4]
V  [jvm.dll+0x811c71]
V  [jvm.dll+0x36f7c8]
V  [jvm.dll+0x7f05f6]
V  [jvm.dll+0x3f398f]
V  [jvm.dll+0x3f5541]
C  [jli.dll+0x528f]
C  [ucrtbase.dll+0x21bb2]
C  [KERNEL32.DLL+0x17374]
C  [ntdll.dll+0x4cc91]


---------------  P R O C E S S  ---------------

Threads class SMR info:
_java_thread_list=0x00007ffa8dbeefd8, length=0, elements={
}

Java Threads: ( => current thread )

Other Threads:
  0x0000029780b6bcf0 GCTaskThread "GC Thread#0" [stack: 0x000000e52fa00000,0x000000e52fb00000] [id=13356]
  0x0000029780b7c990 ConcurrentGCThread "G1 Main Marker" [stack: 0x000000e52fb00000,0x000000e52fc00000] [id=24040]
  0x0000029780b7d2c0 ConcurrentGCThread "G1 Conc#0" [stack: 0x000000e52fc00000,0x000000e52fd00000] [id=10380]

[error occurred during error reporting (printing all threads), id 0xc0000005, EXCEPTION_ACCESS_VIOLATION (0xc0000005) at pc=0x00007ffa8d3a1547]

VM state: not at safepoint (not fully initialized)

VM Mutex/Monitor currently owned by a thread:  ([mutex/lock_event])
[0x0000029780aff720] Heap_lock - owner thread: 0x0000029780aadfe0

Heap address: 0x0000000701c00000, size: 4068 MB, Compressed Oops mode: Zero based, Oop shift amount: 3

CDS archive(s) mapped at: [0x0000000000000000-0x0000000000000000-0x0000000000000000), size 0, SharedBaseAddress: 0x0000000800000000, ArchiveRelocationMode: 1.
Narrow klass base: 0x0000000000000000, Narrow klass shift: 0, Narrow klass range: 0x0

GC Precious Log:
<Empty>

Heap:
 garbage-first heap   total 0K, used 0K [0x0000000701c00000, 0x0000000800000000)
  region size 2048K, 0 young (0K), 0 survivors (0K)
 Metaspace       used 0K, committed 0K, reserved 0K
  class space    used 0K, committed 0K, reserved 0K

Heap Regions: E=young(eden), S=young(survivor), O=old, HS=humongous(starts), HC=humongous(continues), CS=collection set, F=free, OA=open archive, CA=closed archive, TAMS=top-at-mark-start (previous, next)

Card table byte_map: [0x00000297958c0000,0x00000297960c0000] _byte_map_base: 0x00000297920b2000

Marking Bits (Prev, Next): (CMBitMap*) 0x0000029780b6c220, (CMBitMap*) 0x0000029780b6c260
 Prev Bits: [0x00000297968c0000, 0x000002979a850000)
 Next Bits: [0x000002979a850000, 0x000002979e7e0000)

GC Heap History (0 events):
No events

Dll operation events (1 events):
Event: 0.016 Loaded shared library E:\IdeaProjects\IntelliJ IDEA Community Edition 2024.1.4\jbr\bin\java.dll

Deoptimization events (0 events):
No events

Classes unloaded (0 events):
No events

Classes redefined (0 events):
No events

Internal exceptions (0 events):
No events

VM Operations (0 events):
No events

Events (0 events):
No events


Dynamic libraries:
0x00007ff670c60000 - 0x00007ff670c6a000 	E:\IdeaProjects\IntelliJ IDEA Community Edition 2024.1.4\jbr\bin\java.exe
0x00007ffaf0b50000 - 0x00007ffaf0d48000 	C:\Windows\SYSTEM32\ntdll.dll
0x00007ffaf05e0000 - 0x00007ffaf06a1000 	C:\Windows\System32\KERNEL32.DLL
0x00007ffaee480000 - 0x00007ffaee77d000 	C:\Windows\System32\KERNELBASE.dll
0x00007ffaee200000 - 0x00007ffaee300000 	C:\Windows\System32\ucrtbase.dll
0x00007ffadaa70000 - 0x00007ffadaa87000 	E:\IdeaProjects\IntelliJ IDEA Community Edition 2024.1.4\jbr\bin\jli.dll
0x00007ffaef580000 - 0x00007ffaef71d000 	C:\Windows\System32\USER32.dll
0x00007ffaee300000 - 0x00007ffaee322000 	C:\Windows\System32\win32u.dll
0x00007ffaef720000 - 0x00007ffaef74b000 	C:\Windows\System32\GDI32.dll
0x00007ffaeea30000 - 0x00007ffaeeb47000 	C:\Windows\System32\gdi32full.dll
0x00007ffaee3e0000 - 0x00007ffaee47d000 	C:\Windows\System32\msvcp_win.dll
0x00007ffab2330000 - 0x00007ffab234b000 	E:\IdeaProjects\IntelliJ IDEA Community Edition 2024.1.4\jbr\bin\VCRUNTIME140.dll
0x00007ffad16b0000 - 0x00007ffad194a000 	C:\Windows\WinSxS\amd64_microsoft.windows.common-controls_6595b64144ccf1df_6.0.19041.4355_none_60b8b9eb71f62e16\COMCTL32.dll
0x00007ffaeff00000 - 0x00007ffaeff9e000 	C:\Windows\System32\msvcrt.dll
0x00007ffaf0500000 - 0x00007ffaf052f000 	C:\Windows\System32\IMM32.DLL
0x00007ffacd470000 - 0x00007ffacd47c000 	E:\IdeaProjects\IntelliJ IDEA Community Edition 2024.1.4\jbr\bin\vcruntime140_1.dll
0x00007ffaa0e60000 - 0x00007ffaa0eed000 	E:\IdeaProjects\IntelliJ IDEA Community Edition 2024.1.4\jbr\bin\msvcp140.dll
0x00007ffa8d0b0000 - 0x00007ffa8dd33000 	E:\IdeaProjects\IntelliJ IDEA Community Edition 2024.1.4\jbr\bin\server\jvm.dll
0x00007ffaf0530000 - 0x00007ffaf05e0000 	C:\Windows\System32\ADVAPI32.dll
0x00007ffaeed70000 - 0x00007ffaeee10000 	C:\Windows\System32\sechost.dll
0x00007ffaf0720000 - 0x00007ffaf0843000 	C:\Windows\System32\RPCRT4.dll
0x00007ffaeeb50000 - 0x00007ffaeeb77000 	C:\Windows\System32\bcrypt.dll
0x00007ffaedd80000 - 0x00007ffaeddcb000 	C:\Windows\SYSTEM32\POWRPROF.dll
0x00007ffacd440000 - 0x00007ffacd449000 	C:\Windows\SYSTEM32\WSOCK32.dll
0x00007ffaefe80000 - 0x00007ffaefeeb000 	C:\Windows\System32\WS2_32.dll
0x00007ffad25a0000 - 0x00007ffad25c7000 	C:\Windows\SYSTEM32\WINMM.dll
0x00007ffae3bf0000 - 0x00007ffae3bfa000 	C:\Windows\SYSTEM32\VERSION.dll
0x00007ffaedd40000 - 0x00007ffaedd52000 	C:\Windows\SYSTEM32\UMPDC.dll
0x00007ffaeca10000 - 0x00007ffaeca22000 	C:\Windows\SYSTEM32\kernel.appcore.dll
0x00007ffae49e0000 - 0x00007ffae49ea000 	E:\IdeaProjects\IntelliJ IDEA Community Edition 2024.1.4\jbr\bin\jimage.dll
0x00007ffae8f30000 - 0x00007ffae9114000 	C:\Windows\SYSTEM32\DBGHELP.DLL
0x00007ffad7b50000 - 0x00007ffad7b84000 	C:\Windows\SYSTEM32\dbgcore.DLL
0x00007ffaee780000 - 0x00007ffaee802000 	C:\Windows\System32\bcryptPrimitives.dll
0x00007ffad1c00000 - 0x00007ffad1c25000 	E:\IdeaProjects\IntelliJ IDEA Community Edition 2024.1.4\jbr\bin\java.dll

dbghelp: loaded successfully - version: 4.0.5 - missing functions: none
symbol engine: initialized successfully - sym options: 0x614 - pdb path: .;E:\IdeaProjects\IntelliJ IDEA Community Edition 2024.1.4\jbr\bin;C:\Windows\SYSTEM32;C:\Windows\WinSxS\amd64_microsoft.windows.common-controls_6595b64144ccf1df_6.0.19041.4355_none_60b8b9eb71f62e16;E:\IdeaProjects\IntelliJ IDEA Community Edition 2024.1.4\jbr\bin\server

VM Arguments:
java_command: git4idea.http.GitAskPassApp Username for 'https://github.com': 
java_class_path (initial): E:/IdeaProjects/IntelliJ IDEA Community Edition 2024.1.4/plugins/vcs-git/lib/git4idea-rt.jar;E:/IdeaProjects/IntelliJ IDEA Community Edition 2024.1.4/lib/externalProcess-rt.jar
Launcher Type: SUN_STANDARD

[Global flags]
     intx CICompilerCount                          = 3                                         {product} {ergonomic}
     uint ConcGCThreads                            = 1                                         {product} {ergonomic}
     uint G1ConcRefinementThreads                  = 4                                         {product} {ergonomic}
   size_t G1HeapRegionSize                         = 2097152                                   {product} {ergonomic}
    uintx GCDrainStackTargetSize                   = 64                                        {product} {ergonomic}
   size_t InitialHeapSize                          = 268435456                                 {product} {ergonomic}
   size_t MarkStackSize                            = 4194304                                   {product} {ergonomic}
   size_t MaxHeapSize                              = 4265607168                                {product} {ergonomic}
   size_t MinHeapDeltaBytes                        = 2097152                                   {product} {ergonomic}
   size_t MinHeapSize                              = 8388608                                   {product} {ergonomic}
    uintx NonNMethodCodeHeapSize                   = 5832780                                {pd product} {ergonomic}
    uintx NonProfiledCodeHeapSize                  = 122912730                              {pd product} {ergonomic}
    uintx ProfiledCodeHeapSize                     = 122912730                              {pd product} {ergonomic}
    uintx ReservedCodeCacheSize                    = 251658240                              {pd product} {ergonomic}
     bool SegmentedCodeCache                       = true                                      {product} {ergonomic}
   size_t SoftMaxHeapSize                          = 4265607168                             {manageable} {ergonomic}
     bool UseCompressedClassPointers               = true                           {product lp64_product} {ergonomic}
     bool UseCompressedOops                        = true                           {product lp64_product} {ergonomic}
     bool UseG1GC                                  = true                                      {product} {ergonomic}
     bool UseLargePagesIndividualAllocation        = false                                  {pd product} {ergonomic}

Logging:
Log output configuration:
 #0: stdout all=warning uptime,level,tags
 #1: stderr all=off uptime,level,tags

Environment Variables:
CLASSPATH=C:\Program Files\Java\jdk1.8.0_202\bin;
PATH=C:\Program Files (x86)\Git\mingw64\libexec\git-core;C:\Program Files (x86)\Git\mingw64\libexec\git-core;C:\Program Files (x86)\Git\mingw64\bin;C:\Program Files (x86)\Git\usr\bin;C:\Users\01\bin;C:\oraclexe\app\oracle\product\10.2.0\server\bin;C:\Windows\system32;C:\Windows;C:\Windows\System32\Wbem;C:\Windows\System32\WindowsPowerShell\v1.0;C:\Windows\System32\OpenSSH;C:\MinGW\bin;C:\sqlite3;C:\Program Files\Microsoft SQL Server\150\Tools\Binn;C:\Program Files\MySQL\MySQL Server 8.0\bin;C:\Program Files (x86)\Git\cmd;C:\Program Files (x86)\Microsoft SQL Server\100\Tools\Binn;C:\Program Files\Microsoft SQL Server\100\Tools\Binn;C:\Program Files\Microsoft SQL Server\100\DTS\Binn;C:\Program Files\MySQL\MySQL Shell 8.0\bin;C:\Users\01\AppData\Local\Microsoft\WindowsApps;C:\Users\01\AppData\Local\Programs\Microsoft VS Code\bin;C:\Users\01\IntelliJ IDEA Community Edition 2023.2\bin
USERNAME=01
DISPLAY=:0.0
LC_ALL=en_US.UTF-8
TERM=xterm-256color
TMPDIR=C:\Users\01\AppData\Local\Temp
OS=Windows_NT
PROCESSOR_IDENTIFIER=Intel64 Family 6 Model 78 Stepping 3, GenuineIntel
TMP=C:\Users\01\AppData\Local\Temp
TEMP=C:\Users\01\AppData\Local\Temp



Periodic native trim disabled

JNI global refs:
JNI global refs: 0, weak refs: 0

JNI global refs memory usage: 0, weak refs: 0

Process memory usage:
Resident Set Size: 10836K (0% of 16654948K total physical memory with 5882836K free physical memory)

OOME stack traces (most recent first):
Classloader memory used:


---------------  S Y S T E M  ---------------

OS:
 Windows 10 , 64 bit Build 19041 (10.0.19041.4717)
OS uptime: 9 days 18:37 hours

CPU: total 4 (initial active 4) (2 cores per cpu, 2 threads per core) family 6 model 78 stepping 3 microcode 0xcc, cx8, cmov, fxsr, ht, mmx, 3dnowpref, sse, sse2, sse3, ssse3, sse4.1, sse4.2, popcnt, lzcnt, tsc, tscinvbit, avx, avx2, aes, erms, clmul, bmi1, bmi2, rtm, adx, fma, vzeroupper, clflush, clflushopt
Processor Information for all 4 processors :
  Max Mhz: 2496, Current Mhz: 2396, Mhz Limit: 2396

Memory: 4k page, system-wide physical 16264M (5744M free)
TotalPageFile size 22184M (AvailPageFile size 133M)
current process WorkingSet (physical memory assigned to process): 10M, peak: 10M
current process commit charge ("private bytes"): 52M, peak: 307M

vm_info: OpenJDK 64-Bit Server VM (17.0.11+1-b1207.24) for windows-amd64 JRE (17.0.11+1-b1207.24), built on 2024-05-15 by "builduser" with MS VC++ 16.10 / 16.11 (VS2019)

END.
